<?xml version="1.0" encoding="UTF-8"?>
<!-- Generated by org.testng.reporters.JUnitReportReporter -->
<testsuite hostname="Harry" failures="0" tests="1" name="orderPageTests.TestOrderDropdownOptions" time="5.264" errors="0" timestamp="2025-07-11T23:43:04 IST" skipped="0">
  <testcase classname="orderPageTests.TestOrderDropdownOptions" name="validateDropdownOptions" time="5.264"/>
</testsuite> <!-- orderPageTests.TestOrderDropdownOptions -->
