<?xml version="1.0" encoding="UTF-8"?>
<!-- Generated by org.testng.reporters.JUnitReportReporter -->
<testsuite hostname="Harry" failures="0" tests="1" name="scripts.ValidateMenuPage" time="16.488" errors="0" timestamp="2025-07-10T14:26:40 IST" skipped="0">
  <testcase classname="scripts.ValidateMenuPage" name="validateMenuItems" time="16.488"/>
</testsuite> <!-- scripts.ValidateMenuPage -->
