<?xml version="1.0" encoding="UTF-8"?>
<!-- Generated by org.testng.reporters.JUnitReportReporter -->
<testsuite hostname="Harry" failures="0" tests="1" name="scripts.TestDropdownOptions" time="5.701" errors="0" timestamp="2025-07-13T16:40:57 IST" skipped="0">
  <testcase classname="scripts.TestDropdownOptions" name="validateAllDropdownOptions_STORY_2_1" time="5.701"/>
</testsuite> <!-- scripts.TestDropdownOptions -->
