<?xml version="1.0" encoding="UTF-8"?>
<!-- Generated by org.testng.reporters.JUnitReportReporter -->
<testsuite hostname="Harry" failures="0" tests="1" name="scripts.TestOrderConfirmation" time="4.821" errors="0" timestamp="2025-07-11T15:41:41 IST" skipped="0">
  <testcase classname="scripts.TestOrderConfirmation" name="testSuccessfulOrder" time="4.821"/>
</testsuite> <!-- scripts.TestOrderConfirmation -->
