<?xml version="1.0" encoding="UTF-8"?>
<!-- Generated by org.testng.reporters.JUnitReportReporter -->
<testsuite hostname="Harry" failures="0" tests="1" name="scripts.OrderFood" time="11.403" errors="0" timestamp="2025-07-10T11:59:45 IST" skipped="0">
  <testcase classname="scripts.OrderFood" name="orderFoodOnline" time="11.403"/>
</testsuite> <!-- scripts.OrderFood -->
